{"/home/javier/code/projects/hvp2021/hvp2021backend/src/config/dayjsConfig.ts": {"path":"/home/javier/code/projects/hvp2021/hvp2021backend/src/config/dayjsConfig.ts","all":false,"statementMap":{"0":{"start":{"line":1,"column":0},"end":{"line":1,"column":26}},"1":{"start":{"line":2,"column":0},"end":{"line":2,"column":57}},"2":{"start":{"line":3,"column":0},"end":{"line":3,"column":0}},"3":{"start":{"line":4,"column":0},"end":{"line":4,"column":29}},"4":{"start":{"line":5,"column":0},"end":{"line":5,"column":0}},"5":{"start":{"line":6,"column":0},"end":{"line":6,"column":21}}},"s":{"0":1,"1":1,"2":1,"3":1,"4":1,"5":1},"branchMap":{},"b":{},"fnMap":{},"f":{}}
,"/home/javier/code/projects/hvp2021/hvp2021backend/src/helpers/timeOffHelpers.ts": {"path":"/home/javier/code/projects/hvp2021/hvp2021backend/src/helpers/timeOffHelpers.ts","all":false,"statementMap":{"0":{"start":{"line":1,"column":0},"end":{"line":1,"column":32}},"1":{"start":{"line":2,"column":0},"end":{"line":2,"column":0}},"2":{"start":{"line":3,"column":0},"end":{"line":3,"column":8}},"3":{"start":{"line":4,"column":0},"end":{"line":4,"column":17}},"4":{"start":{"line":5,"column":0},"end":{"line":5,"column":16}},"5":{"start":{"line":6,"column":0},"end":{"line":6,"column":14}},"6":{"start":{"line":7,"column":0},"end":{"line":7,"column":42}},"7":{"start":{"line":8,"column":0},"end":{"line":8,"column":55}},"8":{"start":{"line":9,"column":0},"end":{"line":9,"column":45}},"9":{"start":{"line":10,"column":0},"end":{"line":10,"column":42}},"10":{"start":{"line":11,"column":0},"end":{"line":11,"column":0}},"11":{"start":{"line":12,"column":0},"end":{"line":12,"column":2}},"12":{"start":{"line":13,"column":0},"end":{"line":13,"column":10}},"13":{"start":{"line":14,"column":0},"end":{"line":14,"column":0}},"14":{"start":{"line":15,"column":0},"end":{"line":15,"column":95}},"15":{"start":{"line":16,"column":0},"end":{"line":16,"column":100}},"16":{"start":{"line":17,"column":0},"end":{"line":17,"column":99}},"17":{"start":{"line":18,"column":0},"end":{"line":18,"column":98}},"18":{"start":{"line":19,"column":0},"end":{"line":19,"column":0}},"19":{"start":{"line":20,"column":0},"end":{"line":20,"column":11}},"20":{"start":{"line":21,"column":0},"end":{"line":21,"column":11}},"21":{"start":{"line":22,"column":0},"end":{"line":22,"column":11}},"22":{"start":{"line":23,"column":0},"end":{"line":23,"column":11}},"23":{"start":{"line":24,"column":0},"end":{"line":24,"column":11}},"24":{"start":{"line":25,"column":0},"end":{"line":25,"column":11}},"25":{"start":{"line":26,"column":0},"end":{"line":26,"column":11}},"26":{"start":{"line":27,"column":0},"end":{"line":27,"column":11}},"27":{"start":{"line":28,"column":0},"end":{"line":28,"column":11}},"28":{"start":{"line":29,"column":0},"end":{"line":29,"column":12}},"29":{"start":{"line":30,"column":0},"end":{"line":30,"column":12}},"30":{"start":{"line":31,"column":0},"end":{"line":31,"column":12}},"31":{"start":{"line":32,"column":0},"end":{"line":32,"column":12}},"32":{"start":{"line":33,"column":0},"end":{"line":33,"column":12}},"33":{"start":{"line":34,"column":0},"end":{"line":34,"column":12}},"34":{"start":{"line":35,"column":0},"end":{"line":35,"column":12}},"35":{"start":{"line":36,"column":0},"end":{"line":36,"column":2}},"36":{"start":{"line":37,"column":0},"end":{"line":37,"column":35}},"37":{"start":{"line":38,"column":0},"end":{"line":38,"column":18}},"38":{"start":{"line":39,"column":0},"end":{"line":39,"column":36}},"39":{"start":{"line":40,"column":0},"end":{"line":40,"column":38}},"40":{"start":{"line":41,"column":0},"end":{"line":41,"column":6}},"41":{"start":{"line":42,"column":0},"end":{"line":42,"column":23}},"42":{"start":{"line":43,"column":0},"end":{"line":43,"column":51}},"43":{"start":{"line":44,"column":0},"end":{"line":44,"column":23}},"44":{"start":{"line":45,"column":0},"end":{"line":45,"column":60}},"45":{"start":{"line":46,"column":0},"end":{"line":46,"column":54}},"46":{"start":{"line":47,"column":0},"end":{"line":47,"column":4}},"47":{"start":{"line":48,"column":0},"end":{"line":48,"column":0}},"48":{"start":{"line":49,"column":0},"end":{"line":49,"column":68}},"49":{"start":{"line":50,"column":0},"end":{"line":50,"column":0}},"50":{"start":{"line":51,"column":0},"end":{"line":51,"column":35}},"51":{"start":{"line":52,"column":0},"end":{"line":52,"column":44}},"52":{"start":{"line":53,"column":0},"end":{"line":53,"column":46}},"53":{"start":{"line":54,"column":0},"end":{"line":54,"column":30}},"54":{"start":{"line":55,"column":0},"end":{"line":55,"column":7}},"55":{"start":{"line":56,"column":0},"end":{"line":56,"column":5}},"56":{"start":{"line":57,"column":0},"end":{"line":57,"column":0}},"57":{"start":{"line":58,"column":0},"end":{"line":58,"column":19}},"58":{"start":{"line":59,"column":0},"end":{"line":59,"column":2}},"59":{"start":{"line":60,"column":0},"end":{"line":60,"column":0}},"60":{"start":{"line":61,"column":0},"end":{"line":61,"column":43}},"61":{"start":{"line":62,"column":0},"end":{"line":62,"column":28}},"62":{"start":{"line":63,"column":0},"end":{"line":63,"column":22}},"63":{"start":{"line":64,"column":0},"end":{"line":64,"column":14}},"64":{"start":{"line":65,"column":0},"end":{"line":65,"column":29}},"65":{"start":{"line":66,"column":0},"end":{"line":66,"column":57}},"66":{"start":{"line":67,"column":0},"end":{"line":67,"column":57}},"67":{"start":{"line":68,"column":0},"end":{"line":68,"column":24}},"68":{"start":{"line":69,"column":0},"end":{"line":69,"column":11}},"69":{"start":{"line":70,"column":0},"end":{"line":70,"column":4}},"70":{"start":{"line":71,"column":0},"end":{"line":71,"column":0}},"71":{"start":{"line":72,"column":0},"end":{"line":72,"column":59}},"72":{"start":{"line":73,"column":0},"end":{"line":73,"column":50}},"73":{"start":{"line":74,"column":0},"end":{"line":74,"column":2}},"74":{"start":{"line":75,"column":0},"end":{"line":75,"column":0}},"75":{"start":{"line":76,"column":0},"end":{"line":76,"column":48}},"76":{"start":{"line":77,"column":0},"end":{"line":77,"column":27}},"77":{"start":{"line":78,"column":0},"end":{"line":78,"column":14}},"78":{"start":{"line":79,"column":0},"end":{"line":79,"column":67}},"79":{"start":{"line":80,"column":0},"end":{"line":80,"column":23}},"80":{"start":{"line":81,"column":0},"end":{"line":81,"column":4}},"81":{"start":{"line":82,"column":0},"end":{"line":82,"column":0}},"82":{"start":{"line":83,"column":0},"end":{"line":83,"column":30}},"83":{"start":{"line":84,"column":0},"end":{"line":84,"column":13}},"84":{"start":{"line":85,"column":0},"end":{"line":85,"column":3}},"85":{"start":{"line":86,"column":0},"end":{"line":86,"column":0}},"86":{"start":{"line":87,"column":0},"end":{"line":87,"column":33}},"87":{"start":{"line":88,"column":0},"end":{"line":88,"column":63}},"88":{"start":{"line":89,"column":0},"end":{"line":89,"column":4}},"89":{"start":{"line":90,"column":0},"end":{"line":90,"column":63}},"90":{"start":{"line":91,"column":0},"end":{"line":91,"column":2}},"91":{"start":{"line":92,"column":0},"end":{"line":92,"column":0}},"92":{"start":{"line":93,"column":0},"end":{"line":93,"column":57}},"93":{"start":{"line":94,"column":0},"end":{"line":94,"column":24}},"94":{"start":{"line":95,"column":0},"end":{"line":95,"column":14}},"95":{"start":{"line":96,"column":0},"end":{"line":96,"column":28}},"96":{"start":{"line":97,"column":0},"end":{"line":97,"column":13}},"97":{"start":{"line":98,"column":0},"end":{"line":98,"column":3}},"98":{"start":{"line":99,"column":0},"end":{"line":99,"column":0}},"99":{"start":{"line":100,"column":0},"end":{"line":100,"column":20}},"100":{"start":{"line":101,"column":0},"end":{"line":101,"column":0}},"101":{"start":{"line":102,"column":0},"end":{"line":102,"column":45}},"102":{"start":{"line":103,"column":0},"end":{"line":103,"column":59}},"103":{"start":{"line":104,"column":0},"end":{"line":104,"column":3}},"104":{"start":{"line":105,"column":0},"end":{"line":105,"column":0}},"105":{"start":{"line":106,"column":0},"end":{"line":106,"column":19}},"106":{"start":{"line":107,"column":0},"end":{"line":107,"column":2}},"107":{"start":{"line":108,"column":0},"end":{"line":108,"column":0}},"108":{"start":{"line":109,"column":0},"end":{"line":109,"column":55}},"109":{"start":{"line":110,"column":0},"end":{"line":110,"column":24}},"110":{"start":{"line":111,"column":0},"end":{"line":111,"column":14}},"111":{"start":{"line":112,"column":0},"end":{"line":112,"column":50}},"112":{"start":{"line":113,"column":0},"end":{"line":113,"column":19}},"113":{"start":{"line":114,"column":0},"end":{"line":114,"column":40}},"114":{"start":{"line":115,"column":0},"end":{"line":115,"column":59}},"115":{"start":{"line":116,"column":0},"end":{"line":116,"column":20}},"116":{"start":{"line":117,"column":0},"end":{"line":117,"column":14}},"117":{"start":{"line":118,"column":0},"end":{"line":118,"column":60}},"118":{"start":{"line":119,"column":0},"end":{"line":119,"column":21}},"119":{"start":{"line":120,"column":0},"end":{"line":120,"column":14}},"120":{"start":{"line":121,"column":0},"end":{"line":121,"column":60}},"121":{"start":{"line":122,"column":0},"end":{"line":122,"column":21}},"122":{"start":{"line":123,"column":0},"end":{"line":123,"column":14}},"123":{"start":{"line":124,"column":0},"end":{"line":124,"column":60}},"124":{"start":{"line":125,"column":0},"end":{"line":125,"column":21}},"125":{"start":{"line":126,"column":0},"end":{"line":126,"column":14}},"126":{"start":{"line":127,"column":0},"end":{"line":127,"column":60}},"127":{"start":{"line":128,"column":0},"end":{"line":128,"column":21}},"128":{"start":{"line":129,"column":0},"end":{"line":129,"column":14}},"129":{"start":{"line":130,"column":0},"end":{"line":130,"column":10}},"130":{"start":{"line":131,"column":0},"end":{"line":131,"column":36}},"131":{"start":{"line":132,"column":0},"end":{"line":132,"column":88}},"132":{"start":{"line":133,"column":0},"end":{"line":133,"column":3}},"133":{"start":{"line":134,"column":0},"end":{"line":134,"column":2}},"134":{"start":{"line":135,"column":0},"end":{"line":135,"column":0}},"135":{"start":{"line":136,"column":0},"end":{"line":136,"column":44}},"136":{"start":{"line":137,"column":0},"end":{"line":137,"column":18}},"137":{"start":{"line":138,"column":0},"end":{"line":138,"column":22}},"138":{"start":{"line":139,"column":0},"end":{"line":139,"column":6}},"139":{"start":{"line":140,"column":0},"end":{"line":140,"column":58}},"140":{"start":{"line":141,"column":0},"end":{"line":141,"column":24}},"141":{"start":{"line":142,"column":0},"end":{"line":142,"column":9}},"142":{"start":{"line":143,"column":0},"end":{"line":143,"column":4}},"143":{"start":{"line":144,"column":0},"end":{"line":144,"column":26}},"144":{"start":{"line":145,"column":0},"end":{"line":145,"column":13}},"145":{"start":{"line":146,"column":0},"end":{"line":146,"column":3}},"146":{"start":{"line":147,"column":0},"end":{"line":147,"column":0}},"147":{"start":{"line":148,"column":0},"end":{"line":148,"column":75}},"148":{"start":{"line":149,"column":0},"end":{"line":149,"column":23}},"149":{"start":{"line":150,"column":0},"end":{"line":150,"column":3}},"150":{"start":{"line":151,"column":0},"end":{"line":151,"column":49}},"151":{"start":{"line":152,"column":0},"end":{"line":152,"column":47}},"152":{"start":{"line":153,"column":0},"end":{"line":153,"column":0}},"153":{"start":{"line":154,"column":0},"end":{"line":154,"column":48}},"154":{"start":{"line":155,"column":0},"end":{"line":155,"column":60}},"155":{"start":{"line":156,"column":0},"end":{"line":156,"column":4}},"156":{"start":{"line":157,"column":0},"end":{"line":157,"column":0}},"157":{"start":{"line":158,"column":0},"end":{"line":158,"column":51}},"158":{"start":{"line":159,"column":0},"end":{"line":159,"column":37}},"159":{"start":{"line":160,"column":0},"end":{"line":160,"column":11}},"160":{"start":{"line":161,"column":0},"end":{"line":161,"column":4}},"161":{"start":{"line":162,"column":0},"end":{"line":162,"column":0}},"162":{"start":{"line":163,"column":0},"end":{"line":163,"column":40}},"163":{"start":{"line":164,"column":0},"end":{"line":164,"column":44}},"164":{"start":{"line":165,"column":0},"end":{"line":165,"column":33}},"165":{"start":{"line":166,"column":0},"end":{"line":166,"column":31}},"166":{"start":{"line":167,"column":0},"end":{"line":167,"column":6}},"167":{"start":{"line":168,"column":0},"end":{"line":168,"column":0}},"168":{"start":{"line":169,"column":0},"end":{"line":169,"column":63}},"169":{"start":{"line":170,"column":0},"end":{"line":170,"column":0}},"170":{"start":{"line":171,"column":0},"end":{"line":171,"column":26}},"171":{"start":{"line":172,"column":0},"end":{"line":172,"column":44}},"172":{"start":{"line":173,"column":0},"end":{"line":173,"column":42}},"173":{"start":{"line":174,"column":0},"end":{"line":174,"column":0}},"174":{"start":{"line":175,"column":0},"end":{"line":175,"column":54}},"175":{"start":{"line":176,"column":0},"end":{"line":176,"column":62}},"176":{"start":{"line":177,"column":0},"end":{"line":177,"column":28}},"177":{"start":{"line":178,"column":0},"end":{"line":178,"column":4}},"178":{"start":{"line":179,"column":0},"end":{"line":179,"column":0}},"179":{"start":{"line":180,"column":0},"end":{"line":180,"column":15}},"180":{"start":{"line":181,"column":0},"end":{"line":181,"column":35}},"181":{"start":{"line":182,"column":0},"end":{"line":182,"column":37}},"182":{"start":{"line":183,"column":0},"end":{"line":183,"column":5}},"183":{"start":{"line":184,"column":0},"end":{"line":184,"column":0}},"184":{"start":{"line":185,"column":0},"end":{"line":185,"column":75}},"185":{"start":{"line":186,"column":0},"end":{"line":186,"column":2}},"186":{"start":{"line":187,"column":0},"end":{"line":187,"column":0}},"187":{"start":{"line":188,"column":0},"end":{"line":188,"column":56}},"188":{"start":{"line":189,"column":0},"end":{"line":189,"column":32}},"189":{"start":{"line":190,"column":0},"end":{"line":190,"column":24}},"190":{"start":{"line":191,"column":0},"end":{"line":191,"column":6}},"191":{"start":{"line":192,"column":0},"end":{"line":192,"column":20}},"192":{"start":{"line":193,"column":0},"end":{"line":193,"column":61}},"193":{"start":{"line":194,"column":0},"end":{"line":194,"column":70}},"194":{"start":{"line":195,"column":0},"end":{"line":195,"column":0}},"195":{"start":{"line":196,"column":0},"end":{"line":196,"column":50}},"196":{"start":{"line":197,"column":0},"end":{"line":197,"column":62}},"197":{"start":{"line":198,"column":0},"end":{"line":198,"column":0}},"198":{"start":{"line":199,"column":0},"end":{"line":199,"column":29}},"199":{"start":{"line":200,"column":0},"end":{"line":200,"column":3}},"200":{"start":{"line":201,"column":0},"end":{"line":201,"column":0}},"201":{"start":{"line":202,"column":0},"end":{"line":202,"column":19}},"202":{"start":{"line":203,"column":0},"end":{"line":203,"column":2}},"203":{"start":{"line":204,"column":0},"end":{"line":204,"column":0}},"204":{"start":{"line":205,"column":0},"end":{"line":205,"column":51}},"205":{"start":{"line":206,"column":0},"end":{"line":206,"column":24}},"206":{"start":{"line":207,"column":0},"end":{"line":207,"column":14}},"207":{"start":{"line":208,"column":0},"end":{"line":208,"column":50}},"208":{"start":{"line":209,"column":0},"end":{"line":209,"column":19}},"209":{"start":{"line":210,"column":0},"end":{"line":210,"column":41}},"210":{"start":{"line":211,"column":0},"end":{"line":211,"column":59}},"211":{"start":{"line":212,"column":0},"end":{"line":212,"column":20}},"212":{"start":{"line":213,"column":0},"end":{"line":213,"column":14}},"213":{"start":{"line":214,"column":0},"end":{"line":214,"column":60}},"214":{"start":{"line":215,"column":0},"end":{"line":215,"column":21}},"215":{"start":{"line":216,"column":0},"end":{"line":216,"column":14}},"216":{"start":{"line":217,"column":0},"end":{"line":217,"column":60}},"217":{"start":{"line":218,"column":0},"end":{"line":218,"column":21}},"218":{"start":{"line":219,"column":0},"end":{"line":219,"column":14}},"219":{"start":{"line":220,"column":0},"end":{"line":220,"column":60}},"220":{"start":{"line":221,"column":0},"end":{"line":221,"column":21}},"221":{"start":{"line":222,"column":0},"end":{"line":222,"column":14}},"222":{"start":{"line":223,"column":0},"end":{"line":223,"column":60}},"223":{"start":{"line":224,"column":0},"end":{"line":224,"column":21}},"224":{"start":{"line":225,"column":0},"end":{"line":225,"column":14}},"225":{"start":{"line":226,"column":0},"end":{"line":226,"column":10}},"226":{"start":{"line":227,"column":0},"end":{"line":227,"column":36}},"227":{"start":{"line":228,"column":0},"end":{"line":228,"column":88}},"228":{"start":{"line":229,"column":0},"end":{"line":229,"column":3}},"229":{"start":{"line":230,"column":0},"end":{"line":230,"column":2}},"230":{"start":{"line":231,"column":0},"end":{"line":231,"column":0}},"231":{"start":{"line":232,"column":0},"end":{"line":232,"column":31}},"232":{"start":{"line":233,"column":0},"end":{"line":233,"column":18}},"233":{"start":{"line":234,"column":0},"end":{"line":234,"column":23}},"234":{"start":{"line":235,"column":0},"end":{"line":235,"column":23}},"235":{"start":{"line":236,"column":0},"end":{"line":236,"column":14}},"236":{"start":{"line":237,"column":0},"end":{"line":237,"column":35}},"237":{"start":{"line":238,"column":0},"end":{"line":238,"column":34}},"238":{"start":{"line":239,"column":0},"end":{"line":239,"column":21}},"239":{"start":{"line":240,"column":0},"end":{"line":240,"column":36}},"240":{"start":{"line":241,"column":0},"end":{"line":241,"column":0}},"241":{"start":{"line":242,"column":0},"end":{"line":242,"column":64}},"242":{"start":{"line":243,"column":0},"end":{"line":243,"column":15}},"243":{"start":{"line":244,"column":0},"end":{"line":244,"column":2}}},"s":{"0":1,"1":1,"2":1,"3":1,"4":1,"5":1,"6":1,"7":1,"8":1,"9":1,"10":1,"11":1,"12":1,"13":1,"14":1,"15":1,"16":1,"17":1,"18":1,"19":1,"20":1,"21":1,"22":1,"23":1,"24":1,"25":1,"26":1,"27":1,"28":1,"29":1,"30":1,"31":1,"32":1,"33":1,"34":1,"35":1,"36":1,"37":0,"38":0,"39":0,"40":0,"41":0,"42":0,"43":0,"44":0,"45":0,"46":0,"47":0,"48":0,"49":0,"50":0,"51":0,"52":0,"53":0,"54":0,"55":0,"56":0,"57":0,"58":0,"59":1,"60":1,"61":7,"62":7,"63":7,"64":7,"65":7,"66":7,"67":7,"68":7,"69":7,"70":7,"71":7,"72":7,"73":7,"74":1,"75":1,"76":10,"77":10,"78":10,"79":10,"80":10,"81":10,"82":10,"83":5,"84":5,"85":5,"86":5,"87":5,"88":5,"89":5,"90":5,"91":1,"92":1,"93":9,"94":9,"95":9,"96":2,"97":2,"98":7,"99":7,"100":7,"101":9,"102":22,"103":22,"104":7,"105":7,"106":7,"107":1,"108":1,"109":37,"110":37,"111":37,"112":24,"113":24,"114":37,"115":2,"116":2,"117":13,"118":2,"119":2,"120":11,"121":2,"122":2,"123":9,"124":2,"125":2,"126":7,"127":2,"128":2,"129":5,"130":3,"131":3,"132":3,"133":37,"134":1,"135":1,"136":10,"137":10,"138":10,"139":10,"140":10,"141":10,"142":10,"143":10,"144":5,"145":5,"146":5,"147":5,"148":5,"149":5,"150":10,"151":10,"152":10,"153":10,"154":10,"155":10,"156":10,"157":10,"158":10,"159":10,"160":10,"161":10,"162":10,"163":10,"164":10,"165":10,"166":10,"167":10,"168":10,"169":10,"170":10,"171":10,"172":10,"173":10,"174":10,"175":10,"176":10,"177":10,"178":10,"179":10,"180":10,"181":10,"182":10,"183":10,"184":10,"185":10,"186":1,"187":1,"188":9,"189":9,"190":9,"191":9,"192":9,"193":9,"194":9,"195":9,"196":15,"197":15,"198":15,"199":15,"200":9,"201":9,"202":9,"203":1,"204":1,"205":35,"206":35,"207":35,"208":15,"209":15,"210":35,"211":9,"212":9,"213":20,"214":2,"215":2,"216":11,"217":2,"218":2,"219":9,"220":2,"221":2,"222":7,"223":2,"224":2,"225":5,"226":3,"227":3,"228":3,"229":35,"230":1,"231":1,"232":20,"233":20,"234":20,"235":20,"236":20,"237":20,"238":20,"239":20,"240":17,"241":17,"242":17,"243":17},"branchMap":{"0":{"type":"branch","line":61,"loc":{"start":{"line":61,"column":42},"end":{"line":74,"column":2}},"locations":[{"start":{"line":61,"column":42},"end":{"line":74,"column":2}}]},"1":{"type":"branch","line":76,"loc":{"start":{"line":76,"column":47},"end":{"line":91,"column":2}},"locations":[{"start":{"line":76,"column":47},"end":{"line":91,"column":2}}]},"2":{"type":"branch","line":83,"loc":{"start":{"line":83,"column":29},"end":{"line":91,"column":2}},"locations":[{"start":{"line":83,"column":29},"end":{"line":91,"column":2}}]},"3":{"type":"branch","line":93,"loc":{"start":{"line":93,"column":56},"end":{"line":107,"column":2}},"locations":[{"start":{"line":93,"column":56},"end":{"line":107,"column":2}}]},"4":{"type":"branch","line":96,"loc":{"start":{"line":96,"column":27},"end":{"line":98,"column":3}},"locations":[{"start":{"line":96,"column":27},"end":{"line":98,"column":3}}]},"5":{"type":"branch","line":99,"loc":{"start":{"line":99,"column":-1},"end":{"line":102,"column":44}},"locations":[{"start":{"line":99,"column":-1},"end":{"line":102,"column":44}}]},"6":{"type":"branch","line":102,"loc":{"start":{"line":102,"column":44},"end":{"line":104,"column":3}},"locations":[{"start":{"line":102,"column":44},"end":{"line":104,"column":3}}]},"7":{"type":"branch","line":105,"loc":{"start":{"line":105,"column":-1},"end":{"line":107,"column":2}},"locations":[{"start":{"line":105,"column":-1},"end":{"line":107,"column":2}}]},"8":{"type":"branch","line":109,"loc":{"start":{"line":109,"column":54},"end":{"line":134,"column":2}},"locations":[{"start":{"line":109,"column":54},"end":{"line":134,"column":2}}]},"9":{"type":"branch","line":112,"loc":{"start":{"line":112,"column":25},"end":{"line":112,"column":47}},"locations":[{"start":{"line":112,"column":25},"end":{"line":112,"column":47}}]},"10":{"type":"branch","line":112,"loc":{"start":{"line":112,"column":49},"end":{"line":115,"column":3}},"locations":[{"start":{"line":112,"column":49},"end":{"line":115,"column":3}}]},"11":{"type":"branch","line":115,"loc":{"start":{"line":115,"column":3},"end":{"line":133,"column":3}},"locations":[{"start":{"line":115,"column":3},"end":{"line":133,"column":3}}]},"12":{"type":"branch","line":115,"loc":{"start":{"line":115,"column":32},"end":{"line":115,"column":56}},"locations":[{"start":{"line":115,"column":32},"end":{"line":115,"column":56}}]},"13":{"type":"branch","line":115,"loc":{"start":{"line":115,"column":58},"end":{"line":118,"column":3}},"locations":[{"start":{"line":115,"column":58},"end":{"line":118,"column":3}}]},"14":{"type":"branch","line":118,"loc":{"start":{"line":118,"column":3},"end":{"line":133,"column":3}},"locations":[{"start":{"line":118,"column":3},"end":{"line":133,"column":3}}]},"15":{"type":"branch","line":118,"loc":{"start":{"line":118,"column":33},"end":{"line":118,"column":57}},"locations":[{"start":{"line":118,"column":33},"end":{"line":118,"column":57}}]},"16":{"type":"branch","line":118,"loc":{"start":{"line":118,"column":59},"end":{"line":121,"column":3}},"locations":[{"start":{"line":118,"column":59},"end":{"line":121,"column":3}}]},"17":{"type":"branch","line":121,"loc":{"start":{"line":121,"column":3},"end":{"line":133,"column":3}},"locations":[{"start":{"line":121,"column":3},"end":{"line":133,"column":3}}]},"18":{"type":"branch","line":121,"loc":{"start":{"line":121,"column":33},"end":{"line":121,"column":57}},"locations":[{"start":{"line":121,"column":33},"end":{"line":121,"column":57}}]},"19":{"type":"branch","line":121,"loc":{"start":{"line":121,"column":59},"end":{"line":124,"column":3}},"locations":[{"start":{"line":121,"column":59},"end":{"line":124,"column":3}}]},"20":{"type":"branch","line":124,"loc":{"start":{"line":124,"column":3},"end":{"line":133,"column":3}},"locations":[{"start":{"line":124,"column":3},"end":{"line":133,"column":3}}]},"21":{"type":"branch","line":124,"loc":{"start":{"line":124,"column":33},"end":{"line":124,"column":57}},"locations":[{"start":{"line":124,"column":33},"end":{"line":124,"column":57}}]},"22":{"type":"branch","line":124,"loc":{"start":{"line":124,"column":59},"end":{"line":127,"column":3}},"locations":[{"start":{"line":124,"column":59},"end":{"line":127,"column":3}}]},"23":{"type":"branch","line":127,"loc":{"start":{"line":127,"column":3},"end":{"line":133,"column":3}},"locations":[{"start":{"line":127,"column":3},"end":{"line":133,"column":3}}]},"24":{"type":"branch","line":127,"loc":{"start":{"line":127,"column":33},"end":{"line":127,"column":57}},"locations":[{"start":{"line":127,"column":33},"end":{"line":127,"column":57}}]},"25":{"type":"branch","line":127,"loc":{"start":{"line":127,"column":59},"end":{"line":130,"column":3}},"locations":[{"start":{"line":127,"column":59},"end":{"line":130,"column":3}}]},"26":{"type":"branch","line":130,"loc":{"start":{"line":130,"column":3},"end":{"line":133,"column":3}},"locations":[{"start":{"line":130,"column":3},"end":{"line":133,"column":3}}]},"27":{"type":"branch","line":136,"loc":{"start":{"line":136,"column":43},"end":{"line":186,"column":2}},"locations":[{"start":{"line":136,"column":43},"end":{"line":186,"column":2}}]},"28":{"type":"branch","line":144,"loc":{"start":{"line":144,"column":25},"end":{"line":151,"column":5}},"locations":[{"start":{"line":144,"column":25},"end":{"line":151,"column":5}}]},"29":{"type":"branch","line":151,"loc":{"start":{"line":151,"column":4},"end":{"line":151,"column":49}},"locations":[{"start":{"line":151,"column":4},"end":{"line":151,"column":49}}]},"30":{"type":"branch","line":152,"loc":{"start":{"line":152,"column":4},"end":{"line":152,"column":46}},"locations":[{"start":{"line":152,"column":4},"end":{"line":152,"column":46}}]},"31":{"type":"branch","line":188,"loc":{"start":{"line":188,"column":55},"end":{"line":203,"column":2}},"locations":[{"start":{"line":188,"column":55},"end":{"line":203,"column":2}}]},"32":{"type":"branch","line":196,"loc":{"start":{"line":196,"column":49},"end":{"line":200,"column":3}},"locations":[{"start":{"line":196,"column":49},"end":{"line":200,"column":3}}]},"33":{"type":"branch","line":205,"loc":{"start":{"line":205,"column":50},"end":{"line":230,"column":2}},"locations":[{"start":{"line":205,"column":50},"end":{"line":230,"column":2}}]},"34":{"type":"branch","line":208,"loc":{"start":{"line":208,"column":25},"end":{"line":208,"column":47}},"locations":[{"start":{"line":208,"column":25},"end":{"line":208,"column":47}}]},"35":{"type":"branch","line":208,"loc":{"start":{"line":208,"column":49},"end":{"line":211,"column":3}},"locations":[{"start":{"line":208,"column":49},"end":{"line":211,"column":3}}]},"36":{"type":"branch","line":211,"loc":{"start":{"line":211,"column":3},"end":{"line":229,"column":3}},"locations":[{"start":{"line":211,"column":3},"end":{"line":229,"column":3}}]},"37":{"type":"branch","line":211,"loc":{"start":{"line":211,"column":32},"end":{"line":211,"column":56}},"locations":[{"start":{"line":211,"column":32},"end":{"line":211,"column":56}}]},"38":{"type":"branch","line":211,"loc":{"start":{"line":211,"column":58},"end":{"line":214,"column":3}},"locations":[{"start":{"line":211,"column":58},"end":{"line":214,"column":3}}]},"39":{"type":"branch","line":214,"loc":{"start":{"line":214,"column":3},"end":{"line":229,"column":3}},"locations":[{"start":{"line":214,"column":3},"end":{"line":229,"column":3}}]},"40":{"type":"branch","line":214,"loc":{"start":{"line":214,"column":33},"end":{"line":214,"column":57}},"locations":[{"start":{"line":214,"column":33},"end":{"line":214,"column":57}}]},"41":{"type":"branch","line":214,"loc":{"start":{"line":214,"column":59},"end":{"line":217,"column":3}},"locations":[{"start":{"line":214,"column":59},"end":{"line":217,"column":3}}]},"42":{"type":"branch","line":217,"loc":{"start":{"line":217,"column":3},"end":{"line":229,"column":3}},"locations":[{"start":{"line":217,"column":3},"end":{"line":229,"column":3}}]},"43":{"type":"branch","line":217,"loc":{"start":{"line":217,"column":33},"end":{"line":217,"column":57}},"locations":[{"start":{"line":217,"column":33},"end":{"line":217,"column":57}}]},"44":{"type":"branch","line":217,"loc":{"start":{"line":217,"column":59},"end":{"line":220,"column":3}},"locations":[{"start":{"line":217,"column":59},"end":{"line":220,"column":3}}]},"45":{"type":"branch","line":220,"loc":{"start":{"line":220,"column":3},"end":{"line":229,"column":3}},"locations":[{"start":{"line":220,"column":3},"end":{"line":229,"column":3}}]},"46":{"type":"branch","line":220,"loc":{"start":{"line":220,"column":33},"end":{"line":220,"column":57}},"locations":[{"start":{"line":220,"column":33},"end":{"line":220,"column":57}}]},"47":{"type":"branch","line":220,"loc":{"start":{"line":220,"column":59},"end":{"line":223,"column":3}},"locations":[{"start":{"line":220,"column":59},"end":{"line":223,"column":3}}]},"48":{"type":"branch","line":223,"loc":{"start":{"line":223,"column":3},"end":{"line":229,"column":3}},"locations":[{"start":{"line":223,"column":3},"end":{"line":229,"column":3}}]},"49":{"type":"branch","line":223,"loc":{"start":{"line":223,"column":33},"end":{"line":223,"column":57}},"locations":[{"start":{"line":223,"column":33},"end":{"line":223,"column":57}}]},"50":{"type":"branch","line":223,"loc":{"start":{"line":223,"column":59},"end":{"line":226,"column":3}},"locations":[{"start":{"line":223,"column":59},"end":{"line":226,"column":3}}]},"51":{"type":"branch","line":226,"loc":{"start":{"line":226,"column":3},"end":{"line":229,"column":3}},"locations":[{"start":{"line":226,"column":3},"end":{"line":229,"column":3}}]},"52":{"type":"branch","line":232,"loc":{"start":{"line":232,"column":30},"end":{"line":244,"column":2}},"locations":[{"start":{"line":232,"column":30},"end":{"line":244,"column":2}}]},"53":{"type":"branch","line":238,"loc":{"start":{"line":238,"column":4},"end":{"line":238,"column":34}},"locations":[{"start":{"line":238,"column":4},"end":{"line":238,"column":34}}]},"54":{"type":"branch","line":239,"loc":{"start":{"line":239,"column":4},"end":{"line":239,"column":20}},"locations":[{"start":{"line":239,"column":4},"end":{"line":239,"column":20}}]},"55":{"type":"branch","line":240,"loc":{"start":{"line":240,"column":27},"end":{"line":240,"column":36}},"locations":[{"start":{"line":240,"column":27},"end":{"line":240,"column":36}}]},"56":{"type":"branch","line":241,"loc":{"start":{"line":241,"column":-1},"end":{"line":244,"column":2}},"locations":[{"start":{"line":241,"column":-1},"end":{"line":244,"column":2}}]}},"b":{"0":[7],"1":[10],"2":[5],"3":[9],"4":[2],"5":[7],"6":[22],"7":[7],"8":[37],"9":[35],"10":[24],"11":[13],"12":[11],"13":[2],"14":[11],"15":[9],"16":[2],"17":[9],"18":[7],"19":[2],"20":[7],"21":[5],"22":[2],"23":[5],"24":[3],"25":[2],"26":[3],"27":[10],"28":[5],"29":[3],"30":[2],"31":[9],"32":[15],"33":[35],"34":[33],"35":[15],"36":[20],"37":[18],"38":[9],"39":[11],"40":[9],"41":[2],"42":[9],"43":[7],"44":[2],"45":[7],"46":[5],"47":[2],"48":[5],"49":[3],"50":[2],"51":[3],"52":[20],"53":[15],"54":[5],"55":[3],"56":[17]},"fnMap":{"0":{"name":"calculateVacations","decl":{"start":{"line":37,"column":34},"end":{"line":59,"column":2}},"loc":{"start":{"line":37,"column":34},"end":{"line":59,"column":2}},"line":37},"1":{"name":"calculateTotalVacationDays","decl":{"start":{"line":61,"column":42},"end":{"line":74,"column":2}},"loc":{"start":{"line":61,"column":42},"end":{"line":74,"column":2}},"line":61},"2":{"name":"calculateVacationDaysBefore2023","decl":{"start":{"line":76,"column":47},"end":{"line":91,"column":2}},"loc":{"start":{"line":76,"column":47},"end":{"line":91,"column":2}},"line":76},"3":{"name":"calculateVacationsForFullYearsBefore2023","decl":{"start":{"line":93,"column":56},"end":{"line":107,"column":2}},"loc":{"start":{"line":93,"column":56},"end":{"line":107,"column":2}},"line":93},"4":{"name":"calculateVacationDaysForYearBefore2023","decl":{"start":{"line":109,"column":54},"end":{"line":134,"column":2}},"loc":{"start":{"line":109,"column":54},"end":{"line":134,"column":2}},"line":109},"5":{"name":"calculateVacationsAfter2022","decl":{"start":{"line":136,"column":43},"end":{"line":186,"column":2}},"loc":{"start":{"line":136,"column":43},"end":{"line":186,"column":2}},"line":136},"6":{"name":"calculateVacationsForFullYearsAfter2022","decl":{"start":{"line":188,"column":55},"end":{"line":203,"column":2}},"loc":{"start":{"line":188,"column":55},"end":{"line":203,"column":2}},"line":188},"7":{"name":"calculateVacationsForYearAfter2022","decl":{"start":{"line":205,"column":50},"end":{"line":230,"column":2}},"loc":{"start":{"line":205,"column":50},"end":{"line":230,"column":2}},"line":205},"8":{"name":"calculateYears","decl":{"start":{"line":232,"column":30},"end":{"line":244,"column":2}},"loc":{"start":{"line":232,"column":30},"end":{"line":244,"column":2}},"line":232}},"f":{"0":0,"1":7,"2":10,"3":9,"4":37,"5":10,"6":9,"7":35,"8":20}}
}
