TN:
SF:src/config/dayjsConfig.ts
FNF:0
FNH:0
DA:1,1
DA:2,1
DA:3,1
DA:4,1
DA:5,1
DA:6,1
LF:6
LH:6
BRF:0
BRH:0
end_of_record
TN:
SF:src/helpers/timeOffHelpers.ts
FN:37,calculateVacations
FN:61,calculateTotalVacationDays
FN:76,calculateVacationDaysBefore2023
FN:93,calculateVacationsForFullYearsBefore2023
FN:109,calculateVacationDaysForYearBefore2023
FN:136,calculateVacationsAfter2022
FN:188,calculateVacationsForFullYearsAfter2022
FN:205,calculateVacationsForYearAfter2022
FN:232,calculateYears
FNF:9
FNH:8
FNDA:0,calculateVacations
FNDA:7,calculateTotalVacationDays
FNDA:10,calculateVacationDaysBefore2023
FNDA:9,calculateVacationsForFullYearsBefore2023
FNDA:37,calculateVacationDaysForYearBefore2023
FNDA:10,calculateVacationsAfter2022
FNDA:9,calculateVacationsForFullYearsAfter2022
FNDA:35,calculateVacationsForYearAfter2022
FNDA:20,calculateYears
DA:1,1
DA:2,1
DA:3,1
DA:4,1
DA:5,1
DA:6,1
DA:7,1
DA:8,1
DA:9,1
DA:10,1
DA:11,1
DA:12,1
DA:13,1
DA:14,1
DA:15,1
DA:16,1
DA:17,1
DA:18,1
DA:19,1
DA:20,1
DA:21,1
DA:22,1
DA:23,1
DA:24,1
DA:25,1
DA:26,1
DA:27,1
DA:28,1
DA:29,1
DA:30,1
DA:31,1
DA:32,1
DA:33,1
DA:34,1
DA:35,1
DA:36,1
DA:37,1
DA:38,0
DA:39,0
DA:40,0
DA:41,0
DA:42,0
DA:43,0
DA:44,0
DA:45,0
DA:46,0
DA:47,0
DA:48,0
DA:49,0
DA:50,0
DA:51,0
DA:52,0
DA:53,0
DA:54,0
DA:55,0
DA:56,0
DA:57,0
DA:58,0
DA:59,0
DA:60,1
DA:61,1
DA:62,7
DA:63,7
DA:64,7
DA:65,7
DA:66,7
DA:67,7
DA:68,7
DA:69,7
DA:70,7
DA:71,7
DA:72,7
DA:73,7
DA:74,7
DA:75,1
DA:76,1
DA:77,10
DA:78,10
DA:79,10
DA:80,10
DA:81,10
DA:82,10
DA:83,10
DA:84,5
DA:85,5
DA:86,5
DA:87,5
DA:88,5
DA:89,5
DA:90,5
DA:91,5
DA:92,1
DA:93,1
DA:94,9
DA:95,9
DA:96,9
DA:97,2
DA:98,2
DA:99,7
DA:100,7
DA:101,7
DA:102,9
DA:103,22
DA:104,22
DA:105,7
DA:106,7
DA:107,7
DA:108,1
DA:109,1
DA:110,37
DA:111,37
DA:112,37
DA:113,24
DA:114,24
DA:115,37
DA:116,2
DA:117,2
DA:118,13
DA:119,2
DA:120,2
DA:121,11
DA:122,2
DA:123,2
DA:124,9
DA:125,2
DA:126,2
DA:127,7
DA:128,2
DA:129,2
DA:130,5
DA:131,3
DA:132,3
DA:133,3
DA:134,37
DA:135,1
DA:136,1
DA:137,10
DA:138,10
DA:139,10
DA:140,10
DA:141,10
DA:142,10
DA:143,10
DA:144,10
DA:145,5
DA:146,5
DA:147,5
DA:148,5
DA:149,5
DA:150,5
DA:151,10
DA:152,10
DA:153,10
DA:154,10
DA:155,10
DA:156,10
DA:157,10
DA:158,10
DA:159,10
DA:160,10
DA:161,10
DA:162,10
DA:163,10
DA:164,10
DA:165,10
DA:166,10
DA:167,10
DA:168,10
DA:169,10
DA:170,10
DA:171,10
DA:172,10
DA:173,10
DA:174,10
DA:175,10
DA:176,10
DA:177,10
DA:178,10
DA:179,10
DA:180,10
DA:181,10
DA:182,10
DA:183,10
DA:184,10
DA:185,10
DA:186,10
DA:187,1
DA:188,1
DA:189,9
DA:190,9
DA:191,9
DA:192,9
DA:193,9
DA:194,9
DA:195,9
DA:196,9
DA:197,15
DA:198,15
DA:199,15
DA:200,15
DA:201,9
DA:202,9
DA:203,9
DA:204,1
DA:205,1
DA:206,35
DA:207,35
DA:208,35
DA:209,15
DA:210,15
DA:211,35
DA:212,9
DA:213,9
DA:214,20
DA:215,2
DA:216,2
DA:217,11
DA:218,2
DA:219,2
DA:220,9
DA:221,2
DA:222,2
DA:223,7
DA:224,2
DA:225,2
DA:226,5
DA:227,3
DA:228,3
DA:229,3
DA:230,35
DA:231,1
DA:232,1
DA:233,20
DA:234,20
DA:235,20
DA:236,20
DA:237,20
DA:238,20
DA:239,20
DA:240,20
DA:241,17
DA:242,17
DA:243,17
DA:244,17
LF:244
LH:222
BRDA:61,0,0,7
BRDA:76,1,0,10
BRDA:83,2,0,5
BRDA:93,3,0,9
BRDA:96,4,0,2
BRDA:99,5,0,7
BRDA:102,6,0,22
BRDA:105,7,0,7
BRDA:109,8,0,37
BRDA:112,9,0,35
BRDA:112,10,0,24
BRDA:115,11,0,13
BRDA:115,12,0,11
BRDA:115,13,0,2
BRDA:118,14,0,11
BRDA:118,15,0,9
BRDA:118,16,0,2
BRDA:121,17,0,9
BRDA:121,18,0,7
BRDA:121,19,0,2
BRDA:124,20,0,7
BRDA:124,21,0,5
BRDA:124,22,0,2
BRDA:127,23,0,5
BRDA:127,24,0,3
BRDA:127,25,0,2
BRDA:130,26,0,3
BRDA:136,27,0,10
BRDA:144,28,0,5
BRDA:151,29,0,3
BRDA:152,30,0,2
BRDA:188,31,0,9
BRDA:196,32,0,15
BRDA:205,33,0,35
BRDA:208,34,0,33
BRDA:208,35,0,15
BRDA:211,36,0,20
BRDA:211,37,0,18
BRDA:211,38,0,9
BRDA:214,39,0,11
BRDA:214,40,0,9
BRDA:214,41,0,2
BRDA:217,42,0,9
BRDA:217,43,0,7
BRDA:217,44,0,2
BRDA:220,45,0,7
BRDA:220,46,0,5
BRDA:220,47,0,2
BRDA:223,48,0,5
BRDA:223,49,0,3
BRDA:223,50,0,2
BRDA:226,51,0,3
BRDA:232,52,0,20
BRDA:238,53,0,15
BRDA:239,54,0,5
BRDA:240,55,0,3
BRDA:241,56,0,17
BRF:57
BRH:57
end_of_record
